number,value,datetime_start,datetime_complete,duration,params_batch_size,params_dropout,params_kernel_size,params_label_smoothing,params_lr,params_n_layers,params_n_mlp,params_start_model_dim,params_weight_decay,user_attrs_best_loss,user_attrs_best_test_acc,user_attrs_best_train_acc,user_attrs_best_val_acc,system_attrs_completed_rung_0,system_attrs_completed_rung_1,system_attrs_completed_rung_2,state
86,0.5578377228132717,2026-03-09 22:34:20.303986,2026-03-09 22:35:29.057361,0 days 00:01:08.753375,16,0.06259745698464372,9,0.08114247773717934,0.0007472153897797098,6,1,32,4.6995881544929875e-06,,,,,0.5977393342978459,0.5578377228132717,,PRUNED
87,0.553915386632683,2026-03-09 22:35:29.057798,2026-03-09 22:36:40.930463,0 days 00:01:11.872665,32,0.3169905429746204,9,0.09482678956899152,0.001798557309549905,8,3,16,1.1596677048263672e-05,0.553915386632683,0.0,74.17102966841186,71.72774869109948,,,,COMPLETE
88,0.6682026645275935,2026-03-09 22:36:40.931029,2026-03-09 22:38:45.616424,0 days 00:02:04.685395,16,0.4259890669339952,129,0.01399678895200697,0.009998454295427136,8,2,8,2.4205794050299803e-05,,,,,0.6682026645275935,,,PRUNED
89,0.6436898402518627,2026-03-09 22:38:45.616906,2026-03-09 22:39:34.966951,0 days 00:00:49.350045,32,0.22239631013732294,5,0.12317858439963085,0.0010551149232697335,4,3,64,7.763861138671566e-05,,,,,0.601569076067074,0.6436898402518627,,PRUNED
90,0.685187721231637,2026-03-09 22:39:34.967462,2026-03-09 22:41:22.563658,0 days 00:01:47.596196,16,0.10149408577994254,65,0.05079196770654711,0.003372869842725335,6,1,32,4.1907647851349895e-05,,,,,0.685187721231637,,,PRUNED
91,0.6425176227488026,2026-03-09 22:41:22.564188,2026-03-09 22:41:30.500468,0 days 00:00:07.936280,16,0.31160978347078533,9,0.06524626296310673,0.001145271604706891,6,2,8,5.7161506790436626e-05,,,,,0.6425176227488026,,,PRUNED
92,0.4906507032495935,2026-03-09 22:41:30.500953,2026-03-09 22:44:08.801521,0 days 00:02:38.300568,16,0.2809915277781773,9,0.07533934421352168,0.0010579215353524916,6,2,8,0.00011181670972225606,0.4906507032495935,0.0,78.44677137870855,76.26527050610821,,,,COMPLETE
93,0.49804112434803294,2026-03-09 22:44:08.802135,2026-03-09 22:46:37.061641,0 days 00:02:28.259506,16,0.3293788911646727,9,0.07633918290725483,0.0013857359864929556,6,2,8,0.00012058941575830499,0.49804112434803294,0.0,80.19197207678883,74.69458987783595,,,,COMPLETE
94,0.616339291785608,2026-03-09 22:46:37.062259,2026-03-09 22:46:57.805560,0 days 00:00:20.743301,16,0.30662622059737543,9,0.0749401233123209,0.0006115982172057669,6,2,8,0.00010619123623362573,,,,,0.616339291785608,,,PRUNED
95,0.6107707134924217,2026-03-09 22:46:57.805991,2026-03-09 22:47:19.850743,0 days 00:00:22.044752,16,0.33129869616525387,9,0.0869313832154565,0.0008757587131076654,6,3,8,8.80652410414224e-05,,,,,0.5910010740394992,0.6107707134924217,,PRUNED
96,0.49698422893387695,2026-03-09 22:47:19.851192,2026-03-09 22:49:19.593119,0 days 00:01:59.741927,32,0.3501981235968745,9,0.05975436017477228,0.0013974042436509146,6,2,8,0.0001412510929409385,0.49698422893387695,0.0,78.79581151832461,75.043630017452,,,,COMPLETE
97,0.6335586633981835,2026-03-09 22:49:19.593552,2026-03-09 22:50:29.862455,0 days 00:01:10.268903,32,0.36296453642105536,5,0.055814037059356204,0.00104098224643959,10,1,16,0.00014398403727849512,0.6335586633981835,0.0,71.72774869109948,64.04886561954625,,,,COMPLETE
98,0.57258974808881,2026-03-09 22:50:29.863014,2026-03-09 22:51:23.371864,0 days 00:00:53.508850,32,0.3503218234329881,9,0.06938158663034852,0.005540207771276859,4,3,32,0.00026436546183196153,,,,,0.57258974808881,,,PRUNED
99,0.6829194862389023,2026-03-09 22:51:23.372320,2026-03-09 22:51:49.633446,0 days 00:00:26.261126,32,0.34758627507679,17,0.06029987788371479,0.008862932281844586,8,2,8,0.00017015394134227657,,,,,0.6829194862389023,,,PRUNED
