number,value,datetime_start,datetime_complete,duration,params_batch_size,params_bottleneck_channels,params_kernel_size,params_label_smoothing,params_lr,params_num_blocks,params_num_branches,params_num_modules,params_out_channels,params_weight_decay,user_attrs_best_loss,user_attrs_best_test_acc,user_attrs_best_train_acc,user_attrs_best_val_acc,system_attrs_completed_rung_0,system_attrs_completed_rung_1,system_attrs_completed_rung_2,state
0,0.5284596789777799,2026-03-10 10:20:10.379354,2026-03-10 10:23:53.533701,0 days 00:03:43.154347,16,32,33,0.146398788362281,0.0005611516415334506,4,3,3,16,0.0007114476009343421,0.5284596789777799,0.0,77.18150087260035,73.1239092495637,0.5873123624770012,0.5766980637638565,0.6395341012282313,COMPLETE
1,,2026-03-10 10:23:53.534246,2026-03-10 10:24:19.990313,0 days 00:00:26.456067,128,4,5,0.12150897038028768,0.0015304852121831463,4,1,2,256,1.3783237455007196e-06,,,,,,,,PRUNED
2,0.6321473947578283,2026-03-10 10:24:19.990886,2026-03-10 10:24:33.999606,0 days 00:00:14.008720,128,4,17,0.009045457782107613,0.00015030900645056822,2,3,2,64,3.87211803217458e-06,,,,,0.6321473947578283,,,PRUNED
3,0.47952329769184454,2026-03-10 10:24:34.000070,2026-03-10 10:28:23.147983,0 days 00:03:49.147913,32,32,9,0.1459212356676128,0.0004187594718900631,3,3,4,8,9.4525713910723e-06,0.47952329769184454,0.0,86.91099476439791,78.18499127399652,0.5835928657916204,0.5334222877420888,0.5080912269222799,COMPLETE
4,,2026-03-10 10:28:23.148666,2026-03-10 10:28:27.496381,0 days 00:00:04.347715,128,4,129,0.1266807513020847,0.007234279845665418,3,4,4,256,0.00026568139241144923,,,,,,,,PRUNED
5,,2026-03-10 10:28:27.496897,2026-03-10 10:29:27.982158,0 days 00:01:00.485261,128,4,33,0.0994497011784771,0.008411909465645722,3,2,1,128,5.6930747676446135e-06,,,,,,,,PRUNED
6,0.6896188677293468,2026-03-10 10:29:27.982717,2026-03-10 10:29:30.727652,0 days 00:00:02.744935,128,8,17,0.1355128723684565,0.00012065637774378946,1,2,3,8,5.924870051994317e-05,,,,,0.6896188677293468,,,PRUNED
7,inf,2026-03-10 10:29:30.728549,2026-03-10 10:54:25.661908,0 days 00:24:54.933359,16,64,9,0.17741728485302347,0.0028308141496998056,4,1,3,256,0.0004912819179585587,inf,0.0,0.0,0.0,,,,COMPLETE
8,0.5874433792074313,2026-03-10 10:54:25.662485,2026-03-10 10:54:34.984640,0 days 00:00:09.322155,32,4,9,0.19460211095048913,0.0003391600849438615,3,2,3,16,5.394720267647737e-06,,,,,0.5874433792074313,,,PRUNED
9,0.4387218640112752,2026-03-10 10:54:34.985141,2026-03-10 10:57:34.393394,0 days 00:02:59.408253,32,64,17,0.033898549337218496,0.005038176096019999,1,4,3,32,8.928243277966438e-06,0.4387218640112752,0.0,86.78010471204189,80.27923211169285,0.4962065683817572,,,COMPLETE
10,0.4866125865548485,2026-03-10 10:57:34.394091,2026-03-10 10:58:38.157859,0 days 00:01:03.763768,64,64,65,0.02760541358996251,0.003297493221051243,1,4,1,32,4.748459024928747e-05,0.4866125865548485,0.0,80.71553228621292,74.3455497382199,0.5286017462845248,0.5283953678545528,,COMPLETE
11,0.5590597691752316,2026-03-10 10:58:38.158689,2026-03-10 10:58:59.660950,0 days 00:00:21.502261,32,2,9,0.06564795816278697,0.0006720741475499479,2,4,4,8,1.666000816595016e-05,,,,,0.5842575418387408,0.5590597691752316,,PRUNED
12,0.6596339020429481,2026-03-10 10:58:59.661378,2026-03-10 10:59:08.664986,0 days 00:00:09.003608,32,32,17,0.07308689511741942,0.0014739575964816734,2,3,4,32,1.8462130103660786e-05,,,,,0.6596339020429481,,,PRUNED
13,0.6082530400307807,2026-03-10 10:59:08.665432,2026-03-10 11:00:33.818304,0 days 00:01:25.152872,32,32,65,0.0489376585289884,0.0003724714041665594,1,4,4,8,1.065973932224179e-06,,,,,0.6082530400307807,,,PRUNED
14,0.6316980856875475,2026-03-10 11:00:33.818760,2026-03-10 11:00:43.469694,0 days 00:00:09.650934,32,16,129,0.1598155071846452,0.0037807462963787867,2,3,2,32,9.358002965531299e-05,,,,,0.6316980856875475,,,PRUNED
15,,2026-03-10 11:00:43.470131,2026-03-10 11:01:20.798455,0 days 00:00:37.328324,64,64,5,0.0976626470722915,0.00021055871507446222,3,4,4,64,1.2094663857490865e-05,,,,,,,,PRUNED
16,0.5480934286824903,2026-03-10 11:01:20.798903,2026-03-10 11:01:44.902914,0 days 00:00:24.104011,32,2,17,0.0026358428761846936,0.0010019696544363334,1,3,3,128,2.759412818809506e-06,,,,,0.5480934286824903,,,PRUNED
17,0.708836527707065,2026-03-10 11:01:44.903344,2026-03-10 11:01:53.985512,0 days 00:00:09.082168,32,16,9,0.04091839274293927,0.0019089495537169395,2,4,4,32,9.290866850385695e-06,,,,,0.708836527707065,,,PRUNED
18,0.5497329780152539,2026-03-10 11:01:53.985971,2026-03-10 11:02:21.329634,0 days 00:00:27.343663,32,8,9,0.07589211243627074,0.005560094986576652,3,3,3,8,0.00013452646645536372,,,,,0.5497329780152539,,,PRUNED
19,inf,2026-03-10 11:02:21.330072,2026-03-10 11:04:36.848261,0 days 00:02:15.518189,64,64,17,0.1592458927655023,0.0007731789801741335,4,2,2,32,2.4887376569110307e-05,inf,0.0,0.0,0.0,,,,COMPLETE
20,0.552499262346231,2026-03-10 11:04:36.848794,2026-03-10 11:05:45.031160,0 days 00:01:08.182366,16,32,5,0.10323426850130599,0.0003547675338842415,1,4,4,8,2.0963657781949735e-06,,,,,0.552499262346231,,,PRUNED
21,0.6843995622523376,2026-03-10 11:05:45.031719,2026-03-10 11:05:50.444631,0 days 00:00:05.412912,64,64,65,0.026340576875538507,0.00411724577362835,1,4,1,32,4.413422113989818e-05,,,,,0.6843995622523376,,,PRUNED
22,0.5487254603162902,2026-03-10 11:05:50.445116,2026-03-10 11:06:04.282157,0 days 00:00:13.837041,64,64,65,0.03897302334469483,0.0025530285729427897,1,4,1,32,3.125981674184538e-05,,,,,0.5487254603162902,,,PRUNED
23,0.6258864353880624,2026-03-10 11:06:04.282626,2026-03-10 11:06:14.906998,0 days 00:00:10.624372,64,64,65,0.020679202749815908,0.00467615046471964,2,3,2,32,8.82622830685814e-06,,,,,0.6258864353880624,,,PRUNED
24,0.6191698616503837,2026-03-10 11:06:14.907466,2026-03-10 11:06:28.557938,0 days 00:00:13.650472,64,64,65,0.056502759505793664,0.009734854016572276,1,4,1,32,0.00011073329656584473,,,,,0.6191698616503837,,,PRUNED
25,0.584638425400952,2026-03-10 11:06:28.558394,2026-03-10 11:08:49.038393,0 days 00:02:20.479999,32,32,33,0.0855656370106113,0.001151625749264801,2,3,3,128,5.428716684701911e-05,0.584638425400952,0.0,68.84816753926701,69.45898778359512,,,,COMPLETE
26,,2026-03-10 11:08:49.039216,2026-03-10 11:09:38.835574,0 days 00:00:49.796358,32,64,129,0.025902739578096315,0.0029012059550887026,3,4,2,16,6.591173268493278e-06,,,,,,,,PRUNED
27,0.5754912946028651,2026-03-10 11:09:38.836022,2026-03-10 11:10:21.182037,0 days 00:00:42.346015,64,8,9,0.015905113451236505,0.00022811150878971283,1,4,1,64,1.5197341441298512e-05,,,,,0.5754912946028651,,,PRUNED
28,0.5632549681380573,2026-03-10 11:10:21.182526,2026-03-10 11:10:57.959817,0 days 00:00:36.777291,16,2,17,0.11234583643274326,0.006766605649470737,2,3,3,8,0.0002274065921356986,,,,,0.5740186747872185,0.5632549681380573,,PRUNED
29,,2026-03-10 11:10:57.960244,2026-03-10 11:12:01.460327,0 days 00:01:03.500083,16,32,33,0.1397715155059147,0.0020294530155587757,4,2,3,16,2.4220712412604215e-05,,,,,,,,PRUNED
30,0.5989213984258096,2026-03-10 11:12:01.460762,2026-03-10 11:12:07.045557,0 days 00:00:05.584795,32,32,65,0.03707364479560847,0.0004707185622663264,1,3,4,32,3.0067127733407707e-06,,,,,0.5989213984258096,,,PRUNED
31,0.5514510854376549,2026-03-10 11:12:07.046005,2026-03-10 11:14:43.434464,0 days 00:02:36.388459,16,32,33,0.15389412215241743,0.0007234908426013558,4,1,3,16,0.0007320021065142258,0.5514510854376549,0.0,74.69458987783595,73.82198952879581,,,,COMPLETE
32,0.5509664363261917,2026-03-10 11:14:43.435763,2026-03-10 11:15:50.457084,0 days 00:01:07.021321,16,32,33,0.175210722231613,0.0005311978825049957,4,3,2,16,0.0009459526454484282,,,,,0.586416401476136,0.5509664363261917,,PRUNED
33,,2026-03-10 11:15:50.457563,2026-03-10 11:23:48.095244,0 days 00:07:57.637681,16,16,5,0.1273697333701447,0.0013039275717404326,4,3,3,256,0.00035725981801906526,,,,,,,,PRUNED
34,0.6224213958202648,2026-03-10 11:23:48.095734,2026-03-10 11:23:59.958395,0 days 00:00:11.862661,128,64,33,0.11688949398324322,0.0001887123211143533,3,3,2,16,1.5575085510994306e-06,,,,,0.6224213958202648,,,PRUNED
35,0.4801811095307635,2026-03-10 11:23:59.958896,2026-03-10 11:28:26.168875,0 days 00:04:26.209979,128,32,17,0.17520900239383772,0.0005195112798873238,3,4,3,64,3.866008506326285e-06,0.4801811095307635,0.0,82.54799301919721,76.43979057591623,0.5540296273081714,0.5225538524033512,,COMPLETE
36,0.594646670847455,2026-03-10 11:28:26.169398,2026-03-10 11:29:01.248495,0 days 00:00:35.079097,128,32,17,0.1752823504386308,0.00028284217319656814,3,4,3,64,4.9842321887684875e-06,,,,,0.594646670847455,,,PRUNED
37,0.6320943526572582,2026-03-10 11:29:01.248959,2026-03-10 11:29:35.316578,0 days 00:00:34.067619,128,4,17,0.19948920240449738,0.00010624014194065224,3,4,4,64,3.586711065659105e-06,,,,,0.6320943526572582,,,PRUNED
38,,2026-03-10 11:29:35.317051,2026-03-10 11:31:25.566121,0 days 00:01:50.249070,128,64,17,0.18578289321603517,0.0004995398944296725,3,4,3,64,8.481892977004257e-06,,,,,,,,PRUNED
39,,2026-03-10 11:31:25.566603,2026-03-10 11:32:39.494770,0 days 00:01:13.928167,128,8,17,0.14807064286662416,0.00598051799098034,2,4,2,256,3.7952631807342316e-05,,,,,,,,PRUNED
40,0.4999865846900208,2026-03-10 11:32:39.495266,2026-03-10 11:35:32.665105,0 days 00:02:53.169839,128,32,9,0.16526043699463042,0.0008881887376925099,3,1,1,64,1.1897505572118795e-05,0.4999865846900208,0.0,79.45026178010471,76.09075043630017,,,,COMPLETE
41,0.6094493083720848,2026-03-10 11:35:32.665746,2026-03-10 11:35:50.774522,0 days 00:00:18.108776,128,32,9,0.1682174070528206,0.0007936669588221124,3,1,1,64,1.2081590502396233e-05,,,,,0.6094493083720848,,,PRUNED
42,0.65318912673371,2026-03-10 11:35:50.775053,2026-03-10 11:36:43.215936,0 days 00:00:52.440883,128,32,9,0.18223442916491825,0.0009706112565820075,3,1,1,64,4.807413958776165e-06,,,,,0.65318912673371,,,PRUNED
43,,2026-03-10 11:36:43.216416,2026-03-10 11:38:26.933378,0 days 00:01:43.716962,128,32,9,0.137786429513258,0.0004001748306926228,3,2,1,64,6.908453025762705e-06,,,,,,,,PRUNED
44,0.602196763947372,2026-03-10 11:38:26.933868,2026-03-10 11:38:34.214792,0 days 00:00:07.280924,128,4,129,0.19288051734644715,0.001755613555443192,3,2,1,8,2.033432094517665e-05,,,,,0.602196763947372,,,PRUNED
45,inf,2026-03-10 11:38:34.215310,2026-03-10 11:41:53.051527,0 days 00:03:18.836217,32,32,9,0.16541657125418485,0.003180036845471364,3,1,2,128,1.296627309024657e-05,inf,0.0,0.0,0.0,,,,COMPLETE
46,0.4890740171568972,2026-03-10 11:41:53.052214,2026-03-10 11:44:17.353557,0 days 00:02:24.301343,32,2,17,0.15083644073487357,0.0006305566931012777,2,4,4,64,7.287870187451691e-05,0.4890740171568972,0.0,82.89703315881326,74.3455497382199,0.518616540373724,0.5065194334035145,,COMPLETE
47,0.5909247554409567,2026-03-10 11:44:17.354661,2026-03-10 11:44:27.005552,0 days 00:00:09.650891,32,2,17,0.001933398824793868,0.0006041917828299186,2,4,4,32,6.760525082397672e-05,,,,,0.5909247554409567,,,PRUNED
48,0.7116165575140642,2026-03-10 11:44:27.005992,2026-03-10 11:44:32.650502,0 days 00:00:05.644510,32,2,17,0.12618287587621535,0.00026104197412447016,1,4,4,8,7.268789341518504e-05,,,,,0.7116165575140642,,,PRUNED
49,0.4830934467740084,2026-03-10 11:44:32.650972,2026-03-10 11:53:23.348794,0 days 00:08:50.697822,32,2,17,0.14553570228686974,0.00015434124486122643,2,4,4,256,0.0001850302267820292,0.4830934467740084,0.0,78.35951134380454,75.39267015706807,0.5071051912365991,,,COMPLETE
50,0.5357750508589686,2026-03-10 11:53:23.349403,2026-03-10 11:54:21.953893,0 days 00:00:58.604490,32,2,17,0.06041410731591483,0.00013696246245935298,1,4,3,256,0.00019342375165646477,,,,,0.5785478241156533,0.5357750508589686,,PRUNED
51,0.5340585435040126,2026-03-10 11:54:21.954349,2026-03-10 12:03:51.549118,0 days 00:09:29.594769,32,2,17,0.14797972032621762,0.0001636870210492505,2,4,4,256,0.0001285069816940721,,,,,0.4908256707599234,0.5340585435040126,,PRUNED
52,0.491360470990652,2026-03-10 12:03:51.549666,2026-03-10 12:12:39.539541,0 days 00:08:47.989875,32,2,17,0.1546408117842328,0.00030501040555902406,2,4,4,256,0.00017419217808841033,0.491360470990652,0.0,81.45724258289704,76.61431064572426,0.5318608735452356,0.49943120379722555,,COMPLETE
53,0.5257131298175033,2026-03-10 12:12:39.540483,2026-03-10 12:13:04.533663,0 days 00:00:24.993180,32,2,17,0.1323364901660883,0.00041931879418874516,2,4,4,32,8.548839000308142e-05,,,,,0.5257131298175033,,,PRUNED
54,0.5824844818464748,2026-03-10 12:13:04.534134,2026-03-10 12:14:03.443500,0 days 00:00:58.909366,32,2,17,0.14007148638267658,0.0005695354274803791,1,4,4,256,5.1138467147963315e-05,,,,,0.5723396439826925,0.5824844818464748,,PRUNED
55,0.528887383288738,2026-03-10 12:14:03.443931,2026-03-10 12:14:36.166823,0 days 00:00:32.722892,64,16,65,0.10781619855986233,0.004533097747158327,2,4,4,8,0.0003452093301778867,0.528887383288738,0.0,73.51657940663176,73.47294938917976,,,,COMPLETE
56,0.5990814688318062,2026-03-10 12:14:36.167701,2026-03-10 12:14:49.391078,0 days 00:00:13.223377,32,64,5,0.09079385009293987,0.007775375967295879,1,4,3,32,3.0762952807986835e-05,,,,,0.5990814688318062,,,PRUNED
57,0.6335185304362112,2026-03-10 12:14:49.391554,2026-03-10 12:17:07.089552,0 days 00:02:17.697998,32,64,17,0.012220688256946622,0.0006690044960963692,2,4,4,64,1.8059772449648347e-06,,,,,0.5683405116382486,0.5229027956776178,0.6335185304362112,PRUNED
58,0.5948519882523369,2026-03-10 12:17:07.090009,2026-03-10 12:17:18.151189,0 days 00:00:11.061180,64,2,129,0.05121843354708844,0.00034549224966573007,1,3,4,128,2.1667216964933428e-06,,,,,0.5948519882523369,,,PRUNED
59,1.2518989005846086,2026-03-10 12:17:18.151698,2026-03-10 12:18:38.300591,0 days 00:01:20.148893,32,4,65,0.03340107548353571,0.003487933107719932,2,4,3,32,1.0447943548165819e-06,,,,,1.2518989005846086,,,PRUNED
60,0.6329442889902605,2026-03-10 12:18:38.301117,2026-03-10 12:18:43.597834,0 days 00:00:05.296717,32,8,17,0.07162293440373613,0.0023173538663209528,1,4,4,8,3.935312610418963e-06,,,,,0.6329442889902605,,,PRUNED
61,0.486898348489565,2026-03-10 12:18:43.598309,2026-03-10 12:27:12.027026,0 days 00:08:28.428717,32,2,17,0.15517356662523016,0.0002811802318588,2,4,4,256,0.00015802418436573805,0.486898348489565,0.0,77.83595113438045,76.43979057591623,0.5820428346256104,0.486898348489565,,COMPLETE
62,0.49950028350007886,2026-03-10 12:27:12.027678,2026-03-10 12:34:56.647892,0 days 00:07:44.620214,32,2,17,0.15713116146779157,0.00021395758856571103,2,4,4,256,0.00015618782780702864,0.49950028350007886,0.0,76.04712041884817,75.5671902268761,0.5374659927103532,0.5073757317261754,,COMPLETE
63,0.5057028318782959,2026-03-10 12:34:56.648697,2026-03-10 12:43:24.614449,0 days 00:08:27.965752,32,2,17,0.1450656085645732,0.000446507822937642,2,4,4,256,9.978098991949168e-05,0.5057028318782959,0.0,77.79232111692845,74.3455497382199,0.5721456937972996,0.5057028318782959,,COMPLETE
64,,2026-03-10 12:43:24.628679,2026-03-10 12:44:39.025521,0 days 00:01:14.396842,64,64,17,0.1681061477763541,0.00013829205152700097,2,4,4,256,0.00029697879165048056,,,,,,,,PRUNED
65,0.6045602525716053,2026-03-10 12:44:39.026016,2026-03-10 12:44:44.968162,0 days 00:00:05.942146,32,2,65,0.12165691528856874,0.0001657456280765574,1,4,3,32,0.000474765397199301,,,,,0.6045602525716053,,,PRUNED
66,0.6971056055648165,2026-03-10 12:44:44.968663,2026-03-10 12:45:21.462316,0 days 00:00:36.493653,32,16,17,0.18707820363018637,0.0052536375869436285,2,3,4,64,0.00012653748318466857,,,,,0.5499435350116842,0.6971056055648165,,PRUNED
67,inf,2026-03-10 12:45:21.462784,2026-03-10 13:01:16.381800,0 days 00:15:54.919016,32,64,5,0.16151515185226398,0.0003196140835067921,3,4,3,256,0.00022854061288822932,inf,0.0,0.0,0.0,,,,COMPLETE
68,0.6346561245061132,2026-03-10 13:01:16.382571,2026-03-10 13:01:20.743524,0 days 00:00:04.360953,64,2,17,0.046405145284501216,0.00026579558856903947,1,4,4,32,7.890252952532181e-05,,,,,0.6346561245061132,,,PRUNED
69,0.5908105819637238,2026-03-10 13:01:20.744186,2026-03-10 13:01:40.517010,0 days 00:00:19.772824,32,64,65,0.1757053958580618,0.0006385813602994279,2,3,4,8,4.013129807977467e-05,,,,,0.5908105819637238,,,PRUNED
70,0.5498204632787388,2026-03-10 13:01:40.517481,2026-03-10 13:03:15.112972,0 days 00:01:34.595491,32,2,17,0.15123999379228395,0.00010526750359164794,3,4,3,64,5.7698127051459165e-05,,,,,0.5498204632787388,,,PRUNED
71,0.5530718333017972,2026-03-10 13:03:15.113474,2026-03-10 13:12:46.158591,0 days 00:09:31.045117,32,2,17,0.15509645063750505,0.00029360854256086505,2,4,4,256,0.00021115680037770123,,,,,0.5146792603828936,0.5530718333017972,,PRUNED
72,0.5915034881437012,2026-03-10 13:12:46.159174,2026-03-10 13:22:14.542812,0 days 00:09:28.383638,32,2,17,0.1434848290146457,0.00024214047637864346,2,4,4,256,0.0002854563873704778,,,,,0.5915034881437012,,,PRUNED
73,0.5880018031617942,2026-03-10 13:22:14.543271,2026-03-10 13:31:45.372297,0 days 00:09:30.829026,32,2,17,0.02835434286102909,0.0001933294493410632,2,4,4,256,0.00010732798009937987,,,,,0.5083040642904778,0.5880018031617942,,PRUNED
74,0.5353342986439743,2026-03-10 13:31:45.372854,2026-03-10 13:34:56.091977,0 days 00:03:10.719123,32,2,17,0.1339767124811251,0.0005241949009686486,2,4,4,256,0.0004968162745937675,,,,,0.5353342986439743,,,PRUNED
75,0.641579231874689,2026-03-10 13:34:56.092469,2026-03-10 13:36:44.943782,0 days 00:01:48.851313,64,8,129,0.17043744535187114,0.00041841067284394823,2,4,4,128,0.00016920693151462903,,,,,0.641579231874689,,,PRUNED
76,,2026-03-10 13:36:44.944237,2026-03-10 13:45:49.896832,0 days 00:09:04.952595,32,32,17,0.1617784212195897,0.00036673283911139483,3,4,2,256,0.00014471080922077572,,,,,,,,PRUNED
77,0.5456261586976509,2026-03-10 13:45:49.897332,2026-03-10 13:46:04.586928,0 days 00:00:14.689596,32,64,9,0.1809104903064607,0.0012113037163958712,1,4,4,32,2.6912573684286236e-05,,,,,0.5661226427783933,0.5456261586976509,,PRUNED
78,0.594101681551176,2026-03-10 13:46:04.587426,2026-03-10 13:47:58.361097,0 days 00:01:53.773671,16,4,17,0.15224977622350977,0.0008343597844604034,2,3,4,64,7.185088144919916e-06,,,,,0.594101681551176,,,PRUNED
79,0.6021382070128622,2026-03-10 13:47:58.361551,2026-03-10 13:48:09.495039,0 days 00:00:11.133488,32,32,65,0.12912504767747207,0.00031091997408293426,3,4,3,8,1.893062669268098e-05,,,,,0.6021382070128622,,,PRUNED
80,0.48907254264408795,2026-03-10 13:48:09.495543,2026-03-10 13:49:29.113937,0 days 00:01:19.618394,64,2,33,0.020127352602789014,0.0003723549813481654,1,4,4,16,4.488060382441779e-05,0.48907254264408795,0.0,77.5305410122164,76.96335078534031,0.4904266087172543,,,COMPLETE
81,0.5065916757933132,2026-03-10 13:49:29.114638,2026-03-10 13:50:31.980138,0 days 00:01:02.865500,64,2,33,0.017796187792749742,0.0003849906043517915,1,4,4,16,4.696888236786254e-05,,,,,0.5065916757933132,,,PRUNED
82,0.6069196426223502,2026-03-10 13:50:31.980839,2026-03-10 13:50:40.400773,0 days 00:00:08.419934,64,2,33,0.02340101273293054,0.00024167662980265412,1,4,4,16,3.532579969886291e-05,,,,,0.6069196426223502,,,PRUNED
83,0.4754466289625118,2026-03-10 13:50:40.401494,2026-03-10 13:51:58.509129,0 days 00:01:18.107635,64,2,33,0.041676356320765905,0.0007335771874386538,1,4,4,16,2.8092830974019577e-06,0.4754466289625118,0.0,80.0610820244328,77.13787085514834,0.47946981953076667,,,COMPLETE
84,0.48174543811388665,2026-03-10 13:51:58.510089,2026-03-10 13:53:06.466570,0 days 00:01:07.956481,64,2,33,0.006761616966403743,0.0007176925408047573,1,4,4,16,2.479972417015332e-06,0.48174543811388665,0.0,79.45026178010471,75.74171029668412,0.515058319606082,0.48447553878471283,,COMPLETE
85,0.5910889533385765,2026-03-10 13:53:06.467592,2026-03-10 13:53:10.855959,0 days 00:00:04.388367,64,32,33,0.007076644893390632,0.000973123061414454,1,4,4,16,2.9054039838260557e-06,,,,,0.5910889533385765,,,PRUNED
86,0.5673380466031779,2026-03-10 13:53:10.857047,2026-03-10 13:53:19.551142,0 days 00:00:08.694095,64,16,33,0.012763405654791529,0.000733110672397964,1,4,2,16,2.5037006119549886e-06,,,,,0.5673380466031779,,,PRUNED
87,0.6766977638890398,2026-03-10 13:53:19.551821,2026-03-10 13:53:22.661832,0 days 00:00:03.110011,64,2,33,0.03217438789202212,0.009958958451128461,1,4,3,16,1.3402550444066329e-06,,,,,0.6766977638890398,,,PRUNED
88,0.49648002887479503,2026-03-10 13:53:22.662534,2026-03-10 13:54:39.253314,0 days 00:01:16.590780,64,64,33,0.04635426320250317,0.0004823009720312329,1,4,4,16,1.0204208253225424e-05,,,,,0.49648002887479503,,,PRUNED
89,0.47399832867411,2026-03-10 13:54:39.254320,2026-03-10 13:55:38.388665,0 days 00:00:59.134345,64,2,33,0.007563080539984319,0.0014672699840727642,1,4,4,16,4.109877339772146e-06,0.47399832867411,0.0,81.80628272251309,77.66143106457243,0.5095820191851045,,,COMPLETE
90,0.5592569106536386,2026-03-10 13:55:38.389407,2026-03-10 13:55:45.549721,0 days 00:00:07.160314,64,32,33,0.009003022990858381,0.003975737286550642,1,2,4,16,3.999520900837332e-06,,,,,0.5592569106536386,,,PRUNED
91,0.5968015459195481,2026-03-10 13:55:45.550387,2026-03-10 13:55:48.757157,0 days 00:00:03.206770,64,2,33,0.020137434003732607,0.0008578669414276763,1,4,4,16,5.8706065615033855e-06,,,,,0.5968015459195481,,,PRUNED
92,0.7696240649381442,2026-03-10 13:55:48.757914,2026-03-10 13:55:57.175926,0 days 00:00:08.418012,64,2,33,0.0013825241957843258,0.0017703278165537171,1,4,4,16,3.5524547121875614e-06,,,,,0.5806738984938483,0.7696240649381442,,PRUNED
93,0.5935734610282938,2026-03-10 13:55:57.176618,2026-03-10 13:56:00.857671,0 days 00:00:03.681053,64,2,33,0.04045340877179536,0.00639627652184581,1,4,4,16,4.3677737687268894e-06,,,,,0.5935734610282938,,,PRUNED
