number,value,datetime_start,datetime_complete,duration,params_batch_size,params_bottleneck_channels,params_kernel_size,params_label_smoothing,params_lr,params_num_blocks,params_num_branches,params_num_modules,params_out_channels,params_weight_decay,user_attrs_best_loss,user_attrs_best_test_acc,user_attrs_best_train_acc,user_attrs_best_val_acc,system_attrs_completed_rung_0,system_attrs_completed_rung_1,system_attrs_completed_rung_2,state
94,0.5565178097854734,2026-03-10 13:56:00.858391,2026-03-10 13:56:08.585448,0 days 00:00:07.727057,64,2,33,0.005447794926159322,0.0010975115962242386,1,4,4,16,3.2018746561053804e-06,,,,,0.5565178097854734,,,PRUNED
95,0.5730076836873932,2026-03-10 13:56:08.585897,2026-03-10 13:56:17.079875,0 days 00:00:08.493978,64,2,33,0.014337852615343117,0.0005863965388231802,1,4,4,16,2.0184885537511485e-06,,,,,0.5730076836873932,,,PRUNED
96,0.5946829718444984,2026-03-10 13:56:17.080607,2026-03-10 13:56:20.514034,0 days 00:00:03.433427,64,64,9,0.03080877913052421,0.0014447952539759208,1,3,4,16,1.4077324543020694e-06,,,,,0.5946829718444984,,,PRUNED
97,0.6254377906027057,2026-03-10 13:56:20.514715,2026-03-10 13:56:25.185935,0 days 00:00:04.671220,128,2,33,0.02208389373532727,0.000698760959163412,1,4,3,32,1.4497378169639704e-05,,,,,0.6254377906027057,,,PRUNED
98,0.5972977462655379,2026-03-10 13:56:25.186435,2026-03-10 13:56:33.200666,0 days 00:00:08.014231,64,32,5,0.016887239483623376,0.0028413663116444027,1,4,2,16,2.476403549682221e-06,,,,,0.5972977462655379,,,PRUNED
99,0.5424705004192771,2026-03-10 13:56:33.201349,2026-03-10 13:58:21.120362,0 days 00:01:47.919013,64,8,33,0.0366279717931075,0.0004424463535752864,1,4,4,32,5.502389748244427e-06,,,,,0.5424705004192771,,,PRUNED
